[ERROR] 2021-02-16 15:27:13.511 [main] Mqtt2KafkaBridge - Oops, an error occurred.
org.eclipse.paho.client.mqttv3.MqttException: Unable to connect to server
	at org.eclipse.paho.client.mqttv3.internal.TCPNetworkModule.start(TCPNetworkModule.java:80) ~[mqtt2kafkabridge.jar:?]
	at org.eclipse.paho.client.mqttv3.internal.ClientComms$ConnectBG.run(ClientComms.java:722) ~[mqtt2kafkabridge.jar:?]
	at java.lang.Thread.run(Thread.java:834) ~[?:?]
Caused by: java.net.ConnectException: Connection refused (Connection refused)
	at java.net.PlainSocketImpl.socketConnect(Native Method) ~[?:?]
	at java.net.AbstractPlainSocketImpl.doConnect(AbstractPlainSocketImpl.java:399) ~[?:?]
	at java.net.AbstractPlainSocketImpl.connectToAddress(AbstractPlainSocketImpl.java:242) ~[?:?]
	at java.net.AbstractPlainSocketImpl.connect(AbstractPlainSocketImpl.java:224) ~[?:?]
	at java.net.SocksSocketImpl.connect(SocksSocketImpl.java:403) ~[?:?]
	at java.net.Socket.connect(Socket.java:591) ~[?:?]
	at org.eclipse.paho.client.mqttv3.internal.TCPNetworkModule.start(TCPNetworkModule.java:74) ~[mqtt2kafkabridge.jar:?]
	... 2 more
[ERROR] 2021-02-16 15:27:20.868 [main] Mqtt2KafkaBridge - Oops, an error occurred.
org.eclipse.paho.client.mqttv3.MqttException: Unable to connect to server
	at org.eclipse.paho.client.mqttv3.internal.TCPNetworkModule.start(TCPNetworkModule.java:80) ~[mqtt2kafkabridge.jar:?]
	at org.eclipse.paho.client.mqttv3.internal.ClientComms$ConnectBG.run(ClientComms.java:722) ~[mqtt2kafkabridge.jar:?]
	at java.lang.Thread.run(Thread.java:834) ~[?:?]
Caused by: java.net.ConnectException: Connection refused (Connection refused)
	at java.net.PlainSocketImpl.socketConnect(Native Method) ~[?:?]
	at java.net.AbstractPlainSocketImpl.doConnect(AbstractPlainSocketImpl.java:399) ~[?:?]
	at java.net.AbstractPlainSocketImpl.connectToAddress(AbstractPlainSocketImpl.java:242) ~[?:?]
	at java.net.AbstractPlainSocketImpl.connect(AbstractPlainSocketImpl.java:224) ~[?:?]
	at java.net.SocksSocketImpl.connect(SocksSocketImpl.java:403) ~[?:?]
	at java.net.Socket.connect(Socket.java:591) ~[?:?]
	at org.eclipse.paho.client.mqttv3.internal.TCPNetworkModule.start(TCPNetworkModule.java:74) ~[mqtt2kafkabridge.jar:?]
	... 2 more
[ERROR] 2021-02-16 15:27:27.685 [main] Mqtt2KafkaBridge - Oops, an error occurred.
org.eclipse.paho.client.mqttv3.MqttException: Unable to connect to server
	at org.eclipse.paho.client.mqttv3.internal.TCPNetworkModule.start(TCPNetworkModule.java:80) ~[mqtt2kafkabridge.jar:?]
	at org.eclipse.paho.client.mqttv3.internal.ClientComms$ConnectBG.run(ClientComms.java:722) ~[mqtt2kafkabridge.jar:?]
	at java.lang.Thread.run(Thread.java:834) ~[?:?]
Caused by: java.net.ConnectException: Connection refused (Connection refused)
	at java.net.PlainSocketImpl.socketConnect(Native Method) ~[?:?]
	at java.net.AbstractPlainSocketImpl.doConnect(AbstractPlainSocketImpl.java:399) ~[?:?]
	at java.net.AbstractPlainSocketImpl.connectToAddress(AbstractPlainSocketImpl.java:242) ~[?:?]
	at java.net.AbstractPlainSocketImpl.connect(AbstractPlainSocketImpl.java:224) ~[?:?]
	at java.net.SocksSocketImpl.connect(SocksSocketImpl.java:403) ~[?:?]
	at java.net.Socket.connect(Socket.java:591) ~[?:?]
	at org.eclipse.paho.client.mqttv3.internal.TCPNetworkModule.start(TCPNetworkModule.java:74) ~[mqtt2kafkabridge.jar:?]
	... 2 more
[ERROR] 2021-02-16 15:28:45.810 [MQTT Call: Mqtt2KafkaBridge] Mqtt2KafkaBridge - Oops, an error occurred while sending message to Kafka. 
 Topic-Test -> 0
org.apache.kafka.common.errors.TimeoutException: Topic Topic-Test not present in metadata after 60000 ms.
[ERROR] 2021-02-16 15:29:45.852 [MQTT Call: Mqtt2KafkaBridge] Mqtt2KafkaBridge - Oops, an error occurred while sending message to Kafka. 
 Topic-Test -> 0
org.apache.kafka.common.errors.TimeoutException: Topic Topic-Test not present in metadata after 60000 ms.
[ERROR] 2021-02-16 15:30:35.131 [main] Mqtt2KafkaBridge - Oops, an error occurred.
org.eclipse.paho.client.mqttv3.MqttException: Unable to connect to server
	at org.eclipse.paho.client.mqttv3.internal.TCPNetworkModule.start(TCPNetworkModule.java:80) ~[mqtt2kafkabridge.jar:?]
	at org.eclipse.paho.client.mqttv3.internal.ClientComms$ConnectBG.run(ClientComms.java:722) ~[mqtt2kafkabridge.jar:?]
	at java.lang.Thread.run(Thread.java:834) ~[?:?]
Caused by: java.net.ConnectException: Connection refused (Connection refused)
	at java.net.PlainSocketImpl.socketConnect(Native Method) ~[?:?]
	at java.net.AbstractPlainSocketImpl.doConnect(AbstractPlainSocketImpl.java:399) ~[?:?]
	at java.net.AbstractPlainSocketImpl.connectToAddress(AbstractPlainSocketImpl.java:242) ~[?:?]
	at java.net.AbstractPlainSocketImpl.connect(AbstractPlainSocketImpl.java:224) ~[?:?]
	at java.net.SocksSocketImpl.connect(SocksSocketImpl.java:403) ~[?:?]
	at java.net.Socket.connect(Socket.java:591) ~[?:?]
	at org.eclipse.paho.client.mqttv3.internal.TCPNetworkModule.start(TCPNetworkModule.java:74) ~[mqtt2kafkabridge.jar:?]
	... 2 more
[ERROR] 2021-02-16 15:30:42.675 [main] Mqtt2KafkaBridge - Oops, an error occurred.
org.eclipse.paho.client.mqttv3.MqttException: Unable to connect to server
	at org.eclipse.paho.client.mqttv3.internal.TCPNetworkModule.start(TCPNetworkModule.java:80) ~[mqtt2kafkabridge.jar:?]
	at org.eclipse.paho.client.mqttv3.internal.ClientComms$ConnectBG.run(ClientComms.java:722) ~[mqtt2kafkabridge.jar:?]
	at java.lang.Thread.run(Thread.java:834) ~[?:?]
Caused by: java.net.ConnectException: Connection refused (Connection refused)
	at java.net.PlainSocketImpl.socketConnect(Native Method) ~[?:?]
	at java.net.AbstractPlainSocketImpl.doConnect(AbstractPlainSocketImpl.java:399) ~[?:?]
	at java.net.AbstractPlainSocketImpl.connectToAddress(AbstractPlainSocketImpl.java:242) ~[?:?]
	at java.net.AbstractPlainSocketImpl.connect(AbstractPlainSocketImpl.java:224) ~[?:?]
	at java.net.SocksSocketImpl.connect(SocksSocketImpl.java:403) ~[?:?]
	at java.net.Socket.connect(Socket.java:591) ~[?:?]
	at org.eclipse.paho.client.mqttv3.internal.TCPNetworkModule.start(TCPNetworkModule.java:74) ~[mqtt2kafkabridge.jar:?]
	... 2 more
[ERROR] 2021-02-16 15:32:20.894 [main] Mqtt2KafkaBridge - Oops, an error occurred.
org.eclipse.paho.client.mqttv3.MqttException: Unable to connect to server
	at org.eclipse.paho.client.mqttv3.internal.TCPNetworkModule.start(TCPNetworkModule.java:80) ~[mqtt2kafkabridge.jar:?]
	at org.eclipse.paho.client.mqttv3.internal.ClientComms$ConnectBG.run(ClientComms.java:722) ~[mqtt2kafkabridge.jar:?]
	at java.lang.Thread.run(Thread.java:834) ~[?:?]
Caused by: java.net.ConnectException: Connection refused (Connection refused)
	at java.net.PlainSocketImpl.socketConnect(Native Method) ~[?:?]
	at java.net.AbstractPlainSocketImpl.doConnect(AbstractPlainSocketImpl.java:399) ~[?:?]
	at java.net.AbstractPlainSocketImpl.connectToAddress(AbstractPlainSocketImpl.java:242) ~[?:?]
	at java.net.AbstractPlainSocketImpl.connect(AbstractPlainSocketImpl.java:224) ~[?:?]
	at java.net.SocksSocketImpl.connect(SocksSocketImpl.java:403) ~[?:?]
	at java.net.Socket.connect(Socket.java:591) ~[?:?]
	at org.eclipse.paho.client.mqttv3.internal.TCPNetworkModule.start(TCPNetworkModule.java:74) ~[mqtt2kafkabridge.jar:?]
	... 2 more
[ERROR] 2021-02-16 15:32:29.103 [main] Mqtt2KafkaBridge - Oops, an error occurred.
org.eclipse.paho.client.mqttv3.MqttException: Unable to connect to server
	at org.eclipse.paho.client.mqttv3.internal.TCPNetworkModule.start(TCPNetworkModule.java:80) ~[mqtt2kafkabridge.jar:?]
	at org.eclipse.paho.client.mqttv3.internal.ClientComms$ConnectBG.run(ClientComms.java:722) ~[mqtt2kafkabridge.jar:?]
	at java.lang.Thread.run(Thread.java:834) ~[?:?]
Caused by: java.net.ConnectException: Connection refused (Connection refused)
	at java.net.PlainSocketImpl.socketConnect(Native Method) ~[?:?]
	at java.net.AbstractPlainSocketImpl.doConnect(AbstractPlainSocketImpl.java:399) ~[?:?]
	at java.net.AbstractPlainSocketImpl.connectToAddress(AbstractPlainSocketImpl.java:242) ~[?:?]
	at java.net.AbstractPlainSocketImpl.connect(AbstractPlainSocketImpl.java:224) ~[?:?]
	at java.net.SocksSocketImpl.connect(SocksSocketImpl.java:403) ~[?:?]
	at java.net.Socket.connect(Socket.java:591) ~[?:?]
	at org.eclipse.paho.client.mqttv3.internal.TCPNetworkModule.start(TCPNetworkModule.java:74) ~[mqtt2kafkabridge.jar:?]
	... 2 more
[ERROR] 2021-02-16 15:34:03.263 [main] Mqtt2KafkaBridge - Oops, an error occurred.
org.eclipse.paho.client.mqttv3.MqttException: Unable to connect to server
	at org.eclipse.paho.client.mqttv3.internal.TCPNetworkModule.start(TCPNetworkModule.java:80) ~[mqtt2kafkabridge.jar:?]
	at org.eclipse.paho.client.mqttv3.internal.ClientComms$ConnectBG.run(ClientComms.java:722) ~[mqtt2kafkabridge.jar:?]
	at java.lang.Thread.run(Thread.java:834) ~[?:?]
Caused by: java.net.ConnectException: Connection refused (Connection refused)
	at java.net.PlainSocketImpl.socketConnect(Native Method) ~[?:?]
	at java.net.AbstractPlainSocketImpl.doConnect(AbstractPlainSocketImpl.java:399) ~[?:?]
	at java.net.AbstractPlainSocketImpl.connectToAddress(AbstractPlainSocketImpl.java:242) ~[?:?]
	at java.net.AbstractPlainSocketImpl.connect(AbstractPlainSocketImpl.java:224) ~[?:?]
	at java.net.SocksSocketImpl.connect(SocksSocketImpl.java:403) ~[?:?]
	at java.net.Socket.connect(Socket.java:591) ~[?:?]
	at org.eclipse.paho.client.mqttv3.internal.TCPNetworkModule.start(TCPNetworkModule.java:74) ~[mqtt2kafkabridge.jar:?]
	... 2 more
[ERROR] 2021-02-16 15:34:10.604 [main] Mqtt2KafkaBridge - Oops, an error occurred.
org.eclipse.paho.client.mqttv3.MqttException: Unable to connect to server
	at org.eclipse.paho.client.mqttv3.internal.TCPNetworkModule.start(TCPNetworkModule.java:80) ~[mqtt2kafkabridge.jar:?]
	at org.eclipse.paho.client.mqttv3.internal.ClientComms$ConnectBG.run(ClientComms.java:722) ~[mqtt2kafkabridge.jar:?]
	at java.lang.Thread.run(Thread.java:834) ~[?:?]
Caused by: java.net.ConnectException: Connection refused (Connection refused)
	at java.net.PlainSocketImpl.socketConnect(Native Method) ~[?:?]
	at java.net.AbstractPlainSocketImpl.doConnect(AbstractPlainSocketImpl.java:399) ~[?:?]
	at java.net.AbstractPlainSocketImpl.connectToAddress(AbstractPlainSocketImpl.java:242) ~[?:?]
	at java.net.AbstractPlainSocketImpl.connect(AbstractPlainSocketImpl.java:224) ~[?:?]
	at java.net.SocksSocketImpl.connect(SocksSocketImpl.java:403) ~[?:?]
	at java.net.Socket.connect(Socket.java:591) ~[?:?]
	at org.eclipse.paho.client.mqttv3.internal.TCPNetworkModule.start(TCPNetworkModule.java:74) ~[mqtt2kafkabridge.jar:?]
	... 2 more
